# JRE version: Java(TM) SE Runtime Environment (21.0.6+8) (build 21.0.6+8-LTS-188)
# Java VM: Java HotSpot(TM) 64-Bit Server VM (21.0.6+8-LTS-188, mixed mode, emulated-client, sharing, tiered, compressed oops, compressed class ptrs, g1 gc, windows-amd64)
GC Precious Log:
 CardTable entry size: 512
 Card Set container configuration: InlinePtr #cards 5 size 8 Array Of Cards #cards 12 size 40 Howl #buckets 4 coarsen threshold 1843 Howl Bitmap #cards 512 size 80 coarsen threshold 460 Card regions per heap region 1 cards per card region 2048
 CPUs: 8 total, 8 available
 Memory: 6030M
 Large Page Support: Disabled
 NUMA Support: Disabled
 Compressed Oops: Enabled (32-bit)
 Heap Region Size: 1M
 Heap Min Capacity: 8M
 Heap Initial Capacity: 96M
 Heap Max Capacity: 1508M
 Pre-touch: Disabled
 Parallel Workers: 8
 Concurrent Workers: 2
 Concurrent Refinement Workers: 8
 Periodic GC: Disabled
Heap:
 garbage-first heap   total 174080K, used 45511K [0x00000000a1c00000, 0x0000000100000000)
  region size 1024K, 1 young (1024K), 1 survivors (1024K)
 Metaspace       used 71583K, committed 72320K, reserved 1114112K
  class space    used 10174K, committed 10496K, reserved 1048576K
GC Heap History (20 events):
Event: 23.780 GC heap after
{Heap after GC invocations=20 (full 0):
 garbage-first heap   total 65536K, used 37543K [0x00000000a1c00000, 0x0000000100000000)
  region size 1024K, 3 young (3072K), 3 survivors (3072K)
 Metaspace       used 65246K, committed 66048K, reserved 1114112K
  class space    used 9184K, committed 9536K, reserved 1048576K
}
Event: 26.710 GC heap before
{Heap before GC invocations=20 (full 0):
 garbage-first heap   total 65536K, used 56999K [0x00000000a1c00000, 0x0000000100000000)
  region size 1024K, 22 young (22528K), 3 survivors (3072K)
 Metaspace       used 68189K, committed 68928K, reserved 1114112K
  class space    used 9521K, committed 9856K, reserved 1048576K
}
Event: 26.721 GC heap after
{Heap after GC invocations=21 (full 0):
 garbage-first heap   total 65536K, used 38773K [0x00000000a1c00000, 0x0000000100000000)
  region size 1024K, 3 young (3072K), 3 survivors (3072K)
 Metaspace       used 68189K, committed 68928K, reserved 1114112K
  class space    used 9521K, committed 9856K, reserved 1048576K
}
Event: 28.025 GC heap before
{Heap before GC invocations=22 (full 0):
 garbage-first heap   total 68608K, used 56181K [0x00000000a1c00000, 0x0000000100000000)
  region size 1024K, 21 young (21504K), 3 survivors (3072K)
 Metaspace       used 70178K, committed 70912K, reserved 1114112K
  class space    used 9835K, committed 10176K, reserved 1048576K
}
Event: 29.031 GC heap after
{Heap after GC invocations=23 (full 0):
 garbage-first heap   total 82944K, used 40255K [0x00000000a1c00000, 0x0000000100000000)
  region size 1024K, 2 young (2048K), 2 survivors (2048K)
 Metaspace       used 70178K, committed 70912K, reserved 1114112K
  class space    used 9835K, committed 10176K, reserved 1048576K
}
Event: 29.134 GC heap before
{Heap before GC invocations=23 (full 0):
 garbage-first heap   total 82944K, used 42303K [0x00000000a1c00000, 0x0000000100000000)
  region size 1024K, 4 young (4096K), 2 survivors (2048K)
 Metaspace       used 70701K, committed 71424K, reserved 1114112K
  class space    used 9987K, committed 10304K, reserved 1048576K
}
Event: 29.138 GC heap after
{Heap after GC invocations=24 (full 0):
 garbage-first heap   total 82944K, used 40156K [0x00000000a1c00000, 0x0000000100000000)
  region size 1024K, 1 young (1024K), 1 survivors (1024K)
 Metaspace       used 70701K, committed 71424K, reserved 1114112K
  class space    used 9987K, committed 10304K, reserved 1048576K
}
Event: 29.417 GC heap before
{Heap before GC invocations=24 (full 0):
 garbage-first heap   total 82944K, used 42204K [0x00000000a1c00000, 0x0000000100000000)
  region size 1024K, 4 young (4096K), 1 survivors (1024K)
 Metaspace       used 71413K, committed 72128K, reserved 1114112K
  class space    used 10152K, committed 10496K, reserved 1048576K
}
Event: 29.421 GC heap after
{Heap after GC invocations=25 (full 0):
 garbage-first heap   total 82944K, used 40522K [0x00000000a1c00000, 0x0000000100000000)
  region size 1024K, 1 young (1024K), 1 survivors (1024K)
 Metaspace       used 71413K, committed 72128K, reserved 1114112K
  class space    used 10152K, committed 10496K, reserved 1048576K
}
Event: 29.584 GC heap before
{Heap before GC invocations=25 (full 0):
 garbage-first heap   total 82944K, used 43594K [0x00000000a1c00000, 0x0000000100000000)
  region size 1024K, 4 young (4096K), 1 survivors (1024K)
 Metaspace       used 71538K, committed 72256K, reserved 1114112K
  class space    used 10167K, committed 10496K, reserved 1048576K
}
Event: 29.588 GC heap after
{Heap after GC invocations=26 (full 0):
 garbage-first heap   total 82944K, used 40965K [0x00000000a1c00000, 0x0000000100000000)
  region size 1024K, 1 young (1024K), 1 survivors (1024K)
 Metaspace       used 71538K, committed 72256K, reserved 1114112K
  class space    used 10167K, committed 10496K, reserved 1048576K
}
Event: 29.610 GC heap before
{Heap before GC invocations=26 (full 0):
 garbage-first heap   total 82944K, used 44037K [0x00000000a1c00000, 0x0000000100000000)
  region size 1024K, 4 young (4096K), 1 survivors (1024K)
 Metaspace       used 71543K, committed 72256K, reserved 1114112K
  class space    used 10168K, committed 10496K, reserved 1048576K
}
Event: 30.619 GC heap after
{Heap after GC invocations=27 (full 0):
 garbage-first heap   total 174080K, used 40972K [0x00000000a1c00000, 0x0000000100000000)
  region size 1024K, 1 young (1024K), 1 survivors (1024K)
 Metaspace       used 71543K, committed 72256K, reserved 1114112K
  class space    used 10168K, committed 10496K, reserved 1048576K
}
Event: 30.672 GC heap before
{Heap before GC invocations=27 (full 0):
 garbage-first heap   total 174080K, used 48140K [0x00000000a1c00000, 0x0000000100000000)
  region size 1024K, 8 young (8192K), 1 survivors (1024K)
 Metaspace       used 71575K, committed 72320K, reserved 1114112K
  class space    used 10172K, committed 10496K, reserved 1048576K
}
Event: 30.675 GC heap after
{Heap after GC invocations=28 (full 0):
 garbage-first heap   total 174080K, used 41255K [0x00000000a1c00000, 0x0000000100000000)
  region size 1024K, 1 young (1024K), 1 survivors (1024K)
 Metaspace       used 71575K, committed 72320K, reserved 1114112K
  class space    used 10172K, committed 10496K, reserved 1048576K
}
Event: 30.720 GC heap before
{Heap before GC invocations=28 (full 0):
 garbage-first heap   total 174080K, used 48423K [0x00000000a1c00000, 0x0000000100000000)
  region size 1024K, 8 young (8192K), 1 survivors (1024K)
 Metaspace       used 71580K, committed 72320K, reserved 1114112K
  class space    used 10174K, committed 10496K, reserved 1048576K
}
Event: 30.724 GC heap after
{Heap after GC invocations=29 (full 0):
 garbage-first heap   total 174080K, used 42478K [0x00000000a1c00000, 0x0000000100000000)
  region size 1024K, 1 young (1024K), 1 survivors (1024K)
 Metaspace       used 71580K, committed 72320K, reserved 1114112K
  class space    used 10174K, committed 10496K, reserved 1048576K
}
Event: 30.761 GC heap before
{Heap before GC invocations=29 (full 0):
 garbage-first heap   total 174080K, used 49646K [0x00000000a1c00000, 0x0000000100000000)
  region size 1024K, 8 young (8192K), 1 survivors (1024K)
 Metaspace       used 71580K, committed 72320K, reserved 1114112K
  class space    used 10174K, committed 10496K, reserved 1048576K
}
Event: 30.766 GC heap after
{Heap after GC invocations=30 (full 0):
 garbage-first heap   total 174080K, used 44957K [0x00000000a1c00000, 0x0000000100000000)
  region size 1024K, 1 young (1024K), 1 survivors (1024K)
 Metaspace       used 71580K, committed 72320K, reserved 1114112K
  class space    used 10174K, committed 10496K, reserved 1048576K
}
Event: 30.798 GC heap before
{Heap before GC invocations=30 (full 0):
 garbage-first heap   total 174080K, used 52125K [0x00000000a1c00000, 0x0000000100000000)
  region size 1024K, 8 young (8192K), 1 survivors (1024K)
 Metaspace       used 71583K, committed 72320K, reserved 1114112K
  class space    used 10174K, committed 10496K, reserved 1048576K
}

