# JRE version: Java(TM) SE Runtime Environment (21.0.6+8) (build 21.0.6+8-LTS-188)
# Java VM: Java HotSpot(TM) 64-Bit Server VM (21.0.6+8-LTS-188, mixed mode, emulated-client, sharing, tiered, compressed oops, compressed class ptrs, g1 gc, windows-amd64)
GC Precious Log:
 CardTable entry size: 512
 Card Set container configuration: InlinePtr #cards 5 size 8 Array Of Cards #cards 12 size 40 Howl #buckets 4 coarsen threshold 1843 Howl Bitmap #cards 512 size 80 coarsen threshold 460 Card regions per heap region 1 cards per card region 2048
 CPUs: 8 total, 8 available
 Memory: 6030M
 Large Page Support: Disabled
 NUMA Support: Disabled
 Compressed Oops: Enabled (32-bit)
 Heap Region Size: 1M
 Heap Min Capacity: 8M
 Heap Initial Capacity: 96M
 Heap Max Capacity: 1508M
 Pre-touch: Disabled
 Parallel Workers: 8
 Concurrent Workers: 2
 Concurrent Refinement Workers: 8
 Periodic GC: Disabled
Heap:
 garbage-first heap   total 378880K, used 228764K [0x00000000a1c00000, 0x0000000100000000)
  region size 1024K, 12 young (12288K), 12 survivors (12288K)
 Metaspace       used 75602K, committed 76352K, reserved 1114112K
  class space    used 10955K, committed 11264K, reserved 1048576K
GC Heap History (20 events):
Event: 16.381 GC heap after
{Heap after GC invocations=26 (full 0):
 garbage-first heap   total 106496K, used 65015K [0x00000000a1c00000, 0x0000000100000000)
  region size 1024K, 5 young (5120K), 5 survivors (5120K)
 Metaspace       used 75022K, committed 75776K, reserved 1114112K
  class space    used 10859K, committed 11200K, reserved 1048576K
}
Event: 16.590 GC heap before
{Heap before GC invocations=26 (full 0):
 garbage-first heap   total 106496K, used 90615K [0x00000000a1c00000, 0x0000000100000000)
  region size 1024K, 30 young (30720K), 5 survivors (5120K)
 Metaspace       used 75134K, committed 75904K, reserved 1114112K
  class space    used 10872K, committed 11200K, reserved 1048576K
}
Event: 16.603 GC heap after
{Heap after GC invocations=27 (full 0):
 garbage-first heap   total 106496K, used 71217K [0x00000000a1c00000, 0x0000000100000000)
  region size 1024K, 4 young (4096K), 4 survivors (4096K)
 Metaspace       used 75134K, committed 75904K, reserved 1114112K
  class space    used 10872K, committed 11200K, reserved 1048576K
}
Event: 16.739 GC heap before
{Heap before GC invocations=28 (full 0):
 garbage-first heap   total 142336K, used 91697K [0x00000000a1c00000, 0x0000000100000000)
  region size 1024K, 25 young (25600K), 4 survivors (4096K)
 Metaspace       used 75134K, committed 75904K, reserved 1114112K
  class space    used 10872K, committed 11200K, reserved 1048576K
}
Event: 16.750 GC heap after
{Heap after GC invocations=29 (full 0):
 garbage-first heap   total 142336K, used 75355K [0x00000000a1c00000, 0x0000000100000000)
  region size 1024K, 4 young (4096K), 4 survivors (4096K)
 Metaspace       used 75134K, committed 75904K, reserved 1114112K
  class space    used 10872K, committed 11200K, reserved 1048576K
}
Event: 16.932 GC heap before
{Heap before GC invocations=29 (full 0):
 garbage-first heap   total 142336K, used 115291K [0x00000000a1c00000, 0x0000000100000000)
  region size 1024K, 43 young (44032K), 4 survivors (4096K)
 Metaspace       used 75134K, committed 75904K, reserved 1114112K
  class space    used 10872K, committed 11200K, reserved 1048576K
}
Event: 16.956 GC heap after
{Heap after GC invocations=30 (full 0):
 garbage-first heap   total 142336K, used 90798K [0x00000000a1c00000, 0x0000000100000000)
  region size 1024K, 6 young (6144K), 6 survivors (6144K)
 Metaspace       used 75134K, committed 75904K, reserved 1114112K
  class space    used 10872K, committed 11200K, reserved 1048576K
}
Event: 17.007 GC heap before
{Heap before GC invocations=30 (full 0):
 garbage-first heap   total 142336K, used 100014K [0x00000000a1c00000, 0x0000000100000000)
  region size 1024K, 16 young (16384K), 6 survivors (6144K)
 Metaspace       used 75134K, committed 75904K, reserved 1114112K
  class space    used 10872K, committed 11200K, reserved 1048576K
}
Event: 17.022 GC heap after
{Heap after GC invocations=31 (full 0):
 garbage-first heap   total 369664K, used 97039K [0x00000000a1c00000, 0x0000000100000000)
  region size 1024K, 5 young (5120K), 5 survivors (5120K)
 Metaspace       used 75134K, committed 75904K, reserved 1114112K
  class space    used 10872K, committed 11200K, reserved 1048576K
}
Event: 18.200 GC heap before
{Heap before GC invocations=31 (full 0):
 garbage-first heap   total 369664K, used 251663K [0x00000000a1c00000, 0x0000000100000000)
  region size 1024K, 155 young (158720K), 5 survivors (5120K)
 Metaspace       used 75610K, committed 76352K, reserved 1114112K
  class space    used 10955K, committed 11264K, reserved 1048576K
}
Event: 18.230 GC heap after
{Heap after GC invocations=32 (full 0):
 garbage-first heap   total 369664K, used 113742K [0x00000000a1c00000, 0x0000000100000000)
  region size 1024K, 20 young (20480K), 20 survivors (20480K)
 Metaspace       used 75610K, committed 76352K, reserved 1114112K
  class space    used 10955K, committed 11264K, reserved 1048576K
}
Event: 19.110 GC heap before
{Heap before GC invocations=32 (full 0):
 garbage-first heap   total 369664K, used 283726K [0x00000000a1c00000, 0x0000000100000000)
  region size 1024K, 185 young (189440K), 20 survivors (20480K)
 Metaspace       used 75613K, committed 76352K, reserved 1114112K
  class space    used 10956K, committed 11264K, reserved 1048576K
}
Event: 19.155 GC heap after
{Heap after GC invocations=33 (full 0):
 garbage-first heap   total 369664K, used 134757K [0x00000000a1c00000, 0x0000000100000000)
  region size 1024K, 24 young (24576K), 24 survivors (24576K)
 Metaspace       used 75613K, committed 76352K, reserved 1114112K
  class space    used 10956K, committed 11264K, reserved 1048576K
}
Event: 19.933 GC heap before
{Heap before GC invocations=33 (full 0):
 garbage-first heap   total 369664K, used 299621K [0x00000000a1c00000, 0x0000000100000000)
  region size 1024K, 182 young (186368K), 24 survivors (24576K)
 Metaspace       used 75615K, committed 76352K, reserved 1114112K
  class space    used 10957K, committed 11264K, reserved 1048576K
}
Event: 20.026 GC heap after
{Heap after GC invocations=34 (full 0):
 garbage-first heap   total 378880K, used 191900K [0x00000000a1c00000, 0x0000000100000000)
  region size 1024K, 23 young (23552K), 23 survivors (23552K)
 Metaspace       used 75615K, committed 76352K, reserved 1114112K
  class space    used 10957K, committed 11264K, reserved 1048576K
}
Event: 20.555 GC heap before
{Heap before GC invocations=34 (full 0):
 garbage-first heap   total 378880K, used 298396K [0x00000000a1c00000, 0x0000000100000000)
  region size 1024K, 127 young (130048K), 23 survivors (23552K)
 Metaspace       used 75615K, committed 76352K, reserved 1114112K
  class space    used 10957K, committed 11264K, reserved 1048576K
}
Event: 20.646 GC heap after
{Heap after GC invocations=35 (full 0):
 garbage-first heap   total 378880K, used 235932K [0x00000000a1c00000, 0x0000000100000000)
  region size 1024K, 17 young (17408K), 17 survivors (17408K)
 Metaspace       used 75615K, committed 76352K, reserved 1114112K
  class space    used 10957K, committed 11264K, reserved 1048576K
}
Event: 21.160 GC heap before
{Heap before GC invocations=36 (full 0):
 garbage-first heap   total 378880K, used 276892K [0x00000000a1c00000, 0x0000000100000000)
  region size 1024K, 92 young (94208K), 17 survivors (17408K)
 Metaspace       used 75602K, committed 76352K, reserved 1114112K
  class space    used 10955K, committed 11264K, reserved 1048576K
}
Event: 21.210 GC heap after
{Heap after GC invocations=37 (full 0):
 garbage-first heap   total 378880K, used 229276K [0x00000000a1c00000, 0x0000000100000000)
  region size 1024K, 12 young (12288K), 12 survivors (12288K)
 Metaspace       used 75602K, committed 76352K, reserved 1114112K
  class space    used 10955K, committed 11264K, reserved 1048576K
}
Event: 21.573 GC heap before
{Heap before GC invocations=37 (full 0):
 garbage-first heap   total 378880K, used 311196K [0x00000000a1c00000, 0x0000000100000000)
  region size 1024K, 89 young (91136K), 12 survivors (12288K)
 Metaspace       used 75602K, committed 76352K, reserved 1114112K
  class space    used 10955K, committed 11264K, reserved 1048576K
}

